<?xml version="1.0" encoding="UTF-8"?>
<testng-results skipped="0" failed="1" ignored="0" total="2" passed="1">
  <reporter-output>
  </reporter-output>
  <suite name="Default suite" duration-ms="49178" started-at="2019-07-24T06:59:30Z" finished-at="2019-07-24T07:00:20Z">
    <groups>
    </groups>
    <test name="Default test" duration-ms="49178" started-at="2019-07-24T06:59:30Z" finished-at="2019-07-24T07:00:20Z">
      <class name="com.qait.automation.desktop.automation.AppTest">
        <test-method status="PASS" signature="launchingWebsite()[pri:0, instance:com.qait.automation.desktop.automation.AppTest@cc285f4]" name="launchingWebsite" duration-ms="35985" started-at="2019-07-24T06:59:30Z" finished-at="2019-07-24T07:00:06Z">
          <reporter-output>
          </reporter-output>
        </test-method> <!-- launchingWebsite -->
        <test-method status="FAIL" signature="enterUserInfo()[pri:0, instance:com.qait.automation.desktop.automation.AppTest@cc285f4]" name="enterUserInfo" duration-ms="13034" started-at="2019-07-24T07:00:06Z" depends-on-methods="com.qait.automation.desktop.automation.AppTest.launchingWebsite" finished-at="2019-07-24T07:00:19Z">
          <exception class="java.io.IOException">
            <message>
              <![CDATA[Cannot run program "C:\Users\sumankumawat\Downloads\AutoItFile\FileUpload.exe": CreateProcess error=2, The system cannot find the file specified]]>
            </message>
            <full-stacktrace>
              <![CDATA[java.io.IOException: Cannot run program "C:\Users\sumankumawat\Downloads\AutoItFile\FileUpload.exe": CreateProcess error=2, The system cannot find the file specified
at java.lang.ProcessBuilder.start(Unknown Source)
at java.lang.Runtime.exec(Unknown Source)
at java.lang.Runtime.exec(Unknown Source)
at java.lang.Runtime.exec(Unknown Source)
at com.qait.automation.desktop.automation.App.enterInformation(App.java:76)
at com.qait.automation.desktop.automation.AppTest.enterUserInfo(AppTest.java:21)
at sun.reflect.NativeMethodAccessorImpl.invoke0(Native Method)
at sun.reflect.NativeMethodAccessorImpl.invoke(Unknown Source)
at sun.reflect.DelegatingMethodAccessorImpl.invoke(Unknown Source)
at java.lang.reflect.Method.invoke(Unknown Source)
at org.testng.internal.MethodInvocationHelper.invokeMethod(MethodInvocationHelper.java:124)
at org.testng.internal.Invoker.invokeMethod(Invoker.java:583)
at org.testng.internal.Invoker.invokeTestMethod(Invoker.java:719)
at org.testng.internal.Invoker.invokeTestMethods(Invoker.java:989)
at org.testng.internal.TestMethodWorker.invokeTestMethods(TestMethodWorker.java:125)
at org.testng.internal.TestMethodWorker.run(TestMethodWorker.java:109)
at org.testng.TestRunner.privateRun(TestRunner.java:648)
at org.testng.TestRunner.run(TestRunner.java:505)
at org.testng.SuiteRunner.runTest(SuiteRunner.java:455)
at org.testng.SuiteRunner.runSequentially(SuiteRunner.java:450)
at org.testng.SuiteRunner.privateRun(SuiteRunner.java:415)
at org.testng.SuiteRunner.run(SuiteRunner.java:364)
at org.testng.SuiteRunnerWorker.runSuite(SuiteRunnerWorker.java:52)
at org.testng.SuiteRunnerWorker.run(SuiteRunnerWorker.java:84)
at org.testng.TestNG.runSuitesSequentially(TestNG.java:1208)
at org.testng.TestNG.runSuitesLocally(TestNG.java:1137)
at org.testng.TestNG.runSuites(TestNG.java:1049)
at org.testng.TestNG.run(TestNG.java:1017)
at org.testng.remote.AbstractRemoteTestNG.run(AbstractRemoteTestNG.java:115)
at org.testng.remote.RemoteTestNG.initAndRun(RemoteTestNG.java:251)
at org.testng.remote.RemoteTestNG.main(RemoteTestNG.java:77)
Caused by: java.io.IOException: CreateProcess error=2, The system cannot find the file specified
at java.lang.ProcessImpl.create(Native Method)
at java.lang.ProcessImpl.<init>(Unknown Source)
at java.lang.ProcessImpl.start(Unknown Source)
... 31 more
]]>
            </full-stacktrace>
          </exception> <!-- java.io.IOException -->
          <reporter-output>
          </reporter-output>
        </test-method> <!-- enterUserInfo -->
      </class> <!-- com.qait.automation.desktop.automation.AppTest -->
    </test> <!-- Default test -->
  </suite> <!-- Default suite -->
</testng-results>
